2023-11-07 17:22:40,239 interpreter.parser-INFO:PROGRAM
2023-11-07 17:22:40,239 interpreter.parser-INFO:STATEMENT-OUTPUT
2023-11-07 17:22:40,240 interpreter.parser-INFO:NEWLINE
2023-11-07 17:22:40,240 interpreter.parser-INFO:STATEMENT-INPUT
2023-11-07 17:22:40,241 interpreter.parser-INFO:NEWLINE
2023-11-07 17:22:40,241 interpreter.parser-INFO:STATEMENT-OUTPUT
2023-11-07 17:22:40,242 interpreter.parser-INFO:NEWLINE
2023-11-07 17:22:40,242 interpreter.parser-INFO:STATEMENT-LET
2023-11-07 17:22:40,243 interpreter.parser-INFO:EXPRESSION
2023-11-07 17:22:40,244 interpreter.parser-INFO:TERM
2023-11-07 17:22:40,244 interpreter.parser-INFO:FACTOR
2023-11-07 17:22:40,244 interpreter.parser-INFO:PRIMARY: 0
2023-11-07 17:22:40,244 interpreter.parser-INFO:NEWLINE
2023-11-07 17:22:40,245 interpreter.parser-INFO:STATEMENT-LET
2023-11-07 17:22:40,245 interpreter.parser-INFO:EXPRESSION
2023-11-07 17:22:40,245 interpreter.parser-INFO:TERM
2023-11-07 17:22:40,246 interpreter.parser-INFO:FACTOR
2023-11-07 17:22:40,246 interpreter.parser-INFO:PRIMARY: 1
2023-11-07 17:22:40,246 interpreter.parser-INFO:NEWLINE
2023-11-07 17:22:40,247 interpreter.parser-INFO:STATEMENT-WHILE
2023-11-07 17:22:40,247 interpreter.parser-INFO:COMPARISON
2023-11-07 17:22:40,247 interpreter.parser-INFO:EXPRESSION
2023-11-07 17:22:40,248 interpreter.parser-INFO:TERM
2023-11-07 17:22:40,248 interpreter.parser-INFO:FACTOR
2023-11-07 17:22:40,248 interpreter.parser-INFO:PRIMARY: nums
2023-11-07 17:22:40,250 interpreter.parser-INFO:EXPRESSION
2023-11-07 17:22:40,250 interpreter.parser-INFO:TERM
2023-11-07 17:22:40,250 interpreter.parser-INFO:FACTOR
2023-11-07 17:22:40,250 interpreter.parser-INFO:PRIMARY: 0
2023-11-07 17:22:40,251 interpreter.parser-INFO:NEWLINE
2023-11-07 17:22:40,251 interpreter.parser-INFO:STATEMENT-OUTPUT
2023-11-07 17:22:40,251 interpreter.parser-INFO:EXPRESSION
2023-11-07 17:22:40,251 interpreter.parser-INFO:TERM
2023-11-07 17:22:40,252 interpreter.parser-INFO:FACTOR
2023-11-07 17:22:40,252 interpreter.parser-INFO:PRIMARY: a
2023-11-07 17:22:40,252 interpreter.parser-INFO:NEWLINE
2023-11-07 17:22:40,252 interpreter.parser-INFO:STATEMENT-LET
2023-11-07 17:22:40,253 interpreter.parser-INFO:EXPRESSION
2023-11-07 17:22:40,253 interpreter.parser-INFO:TERM
2023-11-07 17:22:40,253 interpreter.parser-INFO:FACTOR
2023-11-07 17:22:40,253 interpreter.parser-INFO:PRIMARY: a
2023-11-07 17:22:40,254 interpreter.parser-INFO:TERM
2023-11-07 17:22:40,254 interpreter.parser-INFO:FACTOR
2023-11-07 17:22:40,254 interpreter.parser-INFO:PRIMARY: b
2023-11-07 17:22:40,254 interpreter.parser-INFO:NEWLINE
2023-11-07 17:22:40,255 interpreter.parser-INFO:STATEMENT-LET
2023-11-07 17:22:40,255 interpreter.parser-INFO:EXPRESSION
2023-11-07 17:22:40,257 interpreter.parser-INFO:TERM
2023-11-07 17:22:40,257 interpreter.parser-INFO:FACTOR
2023-11-07 17:22:40,257 interpreter.parser-INFO:PRIMARY: b
2023-11-07 17:22:40,257 interpreter.parser-INFO:NEWLINE
2023-11-07 17:22:40,258 interpreter.parser-INFO:STATEMENT-LET
2023-11-07 17:22:40,258 interpreter.parser-INFO:EXPRESSION
2023-11-07 17:22:40,259 interpreter.parser-INFO:TERM
2023-11-07 17:22:40,259 interpreter.parser-INFO:FACTOR
2023-11-07 17:22:40,259 interpreter.parser-INFO:PRIMARY: c
2023-11-07 17:22:40,259 interpreter.parser-INFO:NEWLINE
2023-11-07 17:22:40,260 interpreter.parser-INFO:STATEMENT-LET
2023-11-07 17:22:40,261 interpreter.parser-INFO:EXPRESSION
2023-11-07 17:22:40,261 interpreter.parser-INFO:TERM
2023-11-07 17:22:40,261 interpreter.parser-INFO:FACTOR
2023-11-07 17:22:40,261 interpreter.parser-INFO:PRIMARY: nums
2023-11-07 17:22:40,262 interpreter.parser-INFO:TERM
2023-11-07 17:22:40,262 interpreter.parser-INFO:FACTOR
2023-11-07 17:22:40,262 interpreter.parser-INFO:PRIMARY: 1
2023-11-07 17:22:40,262 interpreter.parser-INFO:NEWLINE
2023-11-07 17:22:40,263 interpreter.parser-INFO:NEWLINE
